<?xml version="1.0" encoding="UTF-8"?>
<!-- Generated by org.testng.reporters.JUnitReportReporter -->
<testsuite hostname="DESKTOP-0TCJ1G6" failures="0" tests="4" name="tests.O95_GuestCheckoutProductFromCartTest" time="45.161" errors="0" timestamp="2023-06-15T21:52:24 EET" skipped="0">
  <testcase classname="tests.O95_GuestCheckoutProductFromCartTest" name="UserCanSearchForProductsWithAutoSuggest" time="4.750"/>
  <system-out/>
  <testcase classname="tests.O95_GuestCheckoutProductFromCartTest" name="UserCanAddProductToShoppingCart" time="2.658"/>
  <system-out/>
  <testcase classname="tests.O95_GuestCheckoutProductFromCartTest" name="UserCanCheckoutProduct" time="30.633"/>
  <system-out/>
  <testcase classname="tests.O95_GuestCheckoutProductFromCartTest" name="UserCanViewOrderDetails" time="7.120"/>
  <system-out/>
</testsuite> <!-- tests.O95_GuestCheckoutProductFromCartTest -->
