<?xml version="1.0" encoding="UTF-8"?>
<!-- Generated by org.testng.reporters.JUnitReportReporter -->
<testsuite hostname="DESKTOP-0TCJ1G6" failures="0" tests="1" name="tests.O90_ProductHoverMenuTest" time="4.277" errors="0" timestamp="2023-06-15T18:31:08 EET" skipped="0">
  <testcase classname="tests.O90_ProductHoverMenuTest" name="UserCanSelectSubCategoryFromMainMenu" time="4.277"/>
  <system-out/>
</testsuite> <!-- tests.O90_ProductHoverMenuTest -->
