<?xml version="1.0" encoding="UTF-8"?>
<!-- Generated by org.testng.reporters.JUnitReportReporter -->
<testsuite hostname="DESKTOP-0TCJ1G6" failures="0" tests="2" name="tests.O96_UserRegistrationWithDDTAndDataProvider" time="14.549" errors="0" timestamp="2023-06-16T13:24:55 EET" skipped="0">
  <testcase classname="tests.O96_UserRegistrationWithDDTAndDataProvider" name="UserCanRegisterSuccssfully" time="7.983"/>
  <system-out/>
  <testcase classname="tests.O96_UserRegistrationWithDDTAndDataProvider" name="UserCanRegisterSuccssfully" time="6.566"/>
  <system-out/>
</testsuite> <!-- tests.O96_UserRegistrationWithDDTAndDataProvider -->
