<?xml version="1.0" encoding="UTF-8"?>
<!-- Generated by org.testng.reporters.JUnitReportReporter -->
<testsuite hostname="DESKTOP-0TCJ1G6" failures="0" tests="3" name="tests.O91_AddProductToWishListTest" time="6.094" errors="0" timestamp="2023-06-15T18:46:30 EET" skipped="0">
  <testcase classname="tests.O91_AddProductToWishListTest" name="UserCanSearchForProductsWithAutoSuggest" time="4.336"/>
  <system-out/>
  <testcase classname="tests.O91_AddProductToWishListTest" name="UserCanAddProductToWishlist" time="1.263"/>
  <system-out/>
  <testcase classname="tests.O91_AddProductToWishListTest" name="UserCanRemoveProductFromCart" time="0.495"/>
  <system-out/>
</testsuite> <!-- tests.O91_AddProductToWishListTest -->
