<?xml version="1.0" encoding="UTF-8"?>
<!-- Generated by org.testng.reporters.JUnitReportReporter -->
<testsuite hostname="DESKTOP-0TCJ1G6" failures="0" tests="1" name="tests.O4_SearchProductTest" time="10.592" errors="0" timestamp="2023-06-15T16:37:22 EET" skipped="0">
  <testcase classname="tests.O4_SearchProductTest" name="UserCanSearchForProducts" time="10.592"/>
  <system-out/>
</testsuite> <!-- tests.O4_SearchProductTest -->
