<?xml version="1.0" encoding="UTF-8"?>
<!-- Generated by org.testng.reporters.JUnitReportReporter -->
<testsuite hostname="DESKTOP-0TCJ1G6" failures="0" tests="1" name="tests.O6_ContactUsTest" time="5.783" errors="0" timestamp="2023-06-15T17:04:23 EET" skipped="0">
  <testcase classname="tests.O6_ContactUsTest" name="UserCanUseContactUs" time="5.783"/>
  <system-out/>
</testsuite> <!-- tests.O6_ContactUsTest -->
