<?xml version="1.0" encoding="UTF-8"?>
<!-- Generated by org.testng.reporters.JUnitReportReporter -->
<testsuite hostname="DESKTOP-0TCJ1G6" failures="0" tests="2" name="tests.O92_AddProductToCompareTest" time="13.308" errors="0" timestamp="2023-06-15T18:56:06 EET" skipped="0">
  <testcase classname="tests.O92_AddProductToCompareTest" name="UserCanCompareProducts" time="12.398"/>
  <system-out/>
  <testcase classname="tests.O92_AddProductToCompareTest" name="UserCanClearCompareList" time="0.910"/>
  <system-out/>
</testsuite> <!-- tests.O92_AddProductToCompareTest -->
