<?xml version="1.0" encoding="UTF-8"?>
<!-- Generated by org.testng.reporters.JUnitReportReporter -->
<testsuite hostname="DESKTOP-0TCJ1G6" failures="0" tests="1" name="tests.O992_UserRegistrationTestWithJavaFaker" time="8.702" errors="0" timestamp="2023-06-16T16:12:29 EET" skipped="0">
  <testcase classname="tests.O992_UserRegistrationTestWithJavaFaker" name="UserCanRegisterSuccssfully" time="8.702"/>
  <system-out/>
</testsuite> <!-- tests.O992_UserRegistrationTestWithJavaFaker -->
