<?xml version="1.0" encoding="UTF-8"?>
<!-- Generated by org.testng.reporters.JUnitReportReporter -->
<testsuite hostname="DESKTOP-0TCJ1G6" failures="0" tests="2" name="tests.O2_UserRegistrationtest" time="5.205" errors="0" timestamp="2023-06-16T21:28:13 EET" skipped="0">
  <testcase classname="tests.O2_UserRegistrationtest" name="UserCanRegisterSuccssfully" time="2.494"/>
  <system-out/>
  <testcase classname="tests.O2_UserRegistrationtest" name="RegisteredUserCanLogin" time="2.711"/>
  <system-out/>
</testsuite> <!-- tests.O2_UserRegistrationtest -->
