<?xml version="1.0" encoding="UTF-8"?>
<!-- Generated by org.testng.reporters.JUnitReportReporter -->
<testsuite hostname="DESKTOP-0TCJ1G6" failures="0" tests="1" name="tests.O5_SearchProductUsingAutoSuggestTest" time="9.358" errors="0" timestamp="2023-06-15T16:49:35 EET" skipped="0">
  <testcase classname="tests.O5_SearchProductUsingAutoSuggestTest" name="UserCanSearchWithAutoSuggest" time="9.358"/>
  <system-out/>
</testsuite> <!-- tests.O5_SearchProductUsingAutoSuggestTest -->
