<?xml version="1.0" encoding="UTF-8"?>
<!-- Generated by org.testng.reporters.JUnitReportReporter -->
<testsuite hostname="DESKTOP-0TCJ1G6" failures="0" tests="2" name="cucumber_runner_II.Test_Runnerr" time="27.692" errors="0" timestamp="2023-06-16T17:34:23 EET" skipped="0">
  <testcase classname="cucumber_runner_II.Test_Runnerr" name="runScenario" time="13.742"/>
  <system-out/>
  <testcase classname="cucumber_runner_II.Test_Runnerr" name="runScenario" time="13.950"/>
  <system-out/>
</testsuite> <!-- cucumber_runner_II.Test_Runnerr -->
