<?xml version="1.0" encoding="UTF-8"?>
<!-- Generated by org.testng.reporters.JUnitReportReporter -->
<testsuite hostname="DESKTOP-0TCJ1G6" failures="0" tests="6" name="tests.O94_RegisteredUserCheckoutProductTest" time="53.346" errors="0" timestamp="2023-06-15T21:40:54 EET" skipped="0">
  <testcase classname="tests.O94_RegisteredUserCheckoutProductTest" name="UserCanRegisterSuccssfully" time="2.542"/>
  <system-out/>
  <testcase classname="tests.O94_RegisteredUserCheckoutProductTest" name="RegisteredUserCanLogin" time="1.676"/>
  <system-out/>
  <testcase classname="tests.O94_RegisteredUserCheckoutProductTest" name="UserCanSearchWithAutoSuggest" time="14.340"/>
  <system-out/>
  <testcase classname="tests.O94_RegisteredUserCheckoutProductTest" name="UserCanAddProductToShoppingCart" time="2.538"/>
  <system-out/>
  <testcase classname="tests.O94_RegisteredUserCheckoutProductTest" name="UserCanCheckoutProduct" time="30.778"/>
  <system-out/>
  <testcase classname="tests.O94_RegisteredUserCheckoutProductTest" name="RegisteredUserCanLogout" time="1.472"/>
  <system-out/>
</testsuite> <!-- tests.O94_RegisteredUserCheckoutProductTest -->
