<?xml version="1.0" encoding="UTF-8"?>
<!-- Generated by org.testng.reporters.JUnitReportReporter -->
<testsuite hostname="DESKTOP-0TCJ1G6" failures="0" tests="3" name="tests.O93_AddProductToShoppingCartTest" time="14.721" errors="0" timestamp="2023-06-15T20:43:39 EET" skipped="0">
  <testcase classname="tests.O93_AddProductToShoppingCartTest" name="UserCanSearchForProductsWithAutoSuggest" time="4.053"/>
  <system-out/>
  <testcase classname="tests.O93_AddProductToShoppingCartTest" name="UserCanAddProductToShoppingCart" time="5.893"/>
  <system-out/>
  <testcase classname="tests.O93_AddProductToShoppingCartTest" name="update_quantity" time="4.775"/>
  <system-out/>
</testsuite> <!-- tests.O93_AddProductToShoppingCartTest -->
