<?xml version="1.0" encoding="UTF-8"?>
<!-- Generated by org.testng.reporters.JUnitReportReporter -->
<testsuite hostname="DESKTOP-0TCJ1G6" failures="0" tests="1" name="cucumber_runner.Test_Runnerr" time="5.969" errors="0" timestamp="2023-06-16T17:17:33 EET" skipped="0">
  <testcase classname="cucumber_runner.Test_Runnerr" name="runScenario" time="5.969"/>
  <system-out/>
</testsuite> <!-- cucumber_runner.Test_Runnerr -->
