<?xml version="1.0" encoding="UTF-8"?>
<!-- Generated by org.testng.reporters.JUnitReportReporter -->
<testsuite hostname="DESKTOP-0TCJ1G6" failures="0" tests="1" name="tests.O991_UserRegistrationTestWithDDTAndJSON" time="14.166" errors="0" timestamp="2023-06-16T16:05:12 EET" skipped="0">
  <testcase classname="tests.O991_UserRegistrationTestWithDDTAndJSON" name="UserCanRegisterSuccssfully" time="14.166"/>
  <system-out/>
</testsuite> <!-- tests.O991_UserRegistrationTestWithDDTAndJSON -->
