<?xml version="1.0" encoding="UTF-8"?>
<!-- Generated by org.testng.reporters.JUnitReportReporter -->
<testsuite hostname="DESKTOP-0TCJ1G6" failures="0" tests="5" name="tests.O7_EmailFriendTest" time="13.692" errors="0" timestamp="2023-06-15T17:48:59 EET" skipped="0">
  <testcase classname="tests.O7_EmailFriendTest" name="UserCanRegisterSuccssfully" time="2.970"/>
  <system-out/>
  <testcase classname="tests.O7_EmailFriendTest" name="RegisteredUserCanLogin" time="1.400"/>
  <system-out/>
  <testcase classname="tests.O7_EmailFriendTest" name="UserCanSearchWithAutoSuggest" time="5.769"/>
  <system-out/>
  <testcase classname="tests.O7_EmailFriendTest" name="RegisteredUserCanSendProductToFriend" time="1.868"/>
  <system-out/>
  <testcase classname="tests.O7_EmailFriendTest" name="RegisteredUserCanLogout" time="1.685"/>
  <system-out/>
</testsuite> <!-- tests.O7_EmailFriendTest -->
