<?xml version="1.0" encoding="UTF-8"?>
<!-- Generated by org.testng.reporters.JUnitReportReporter -->
<testsuite hostname="DESKTOP-0TCJ1G6" failures="0" tests="4" name="tests.O98_UserRegistrationTestWithDDTAndExcel" time="33.177" errors="0" timestamp="2023-06-16T15:00:39 EET" skipped="0">
  <testcase classname="tests.O98_UserRegistrationTestWithDDTAndExcel" name="UserCanRegisterSuccssfully" time="8.236"/>
  <system-out/>
  <testcase classname="tests.O98_UserRegistrationTestWithDDTAndExcel" name="UserCanRegisterSuccssfully" time="7.437"/>
  <system-out/>
  <testcase classname="tests.O98_UserRegistrationTestWithDDTAndExcel" name="UserCanRegisterSuccssfully" time="8.555"/>
  <system-out/>
  <testcase classname="tests.O98_UserRegistrationTestWithDDTAndExcel" name="UserCanRegisterSuccssfully" time="8.949"/>
  <system-out/>
</testsuite> <!-- tests.O98_UserRegistrationTestWithDDTAndExcel -->
