<?xml version="1.0" encoding="UTF-8"?>
<!-- Generated by org.testng.reporters.JUnitReportReporter -->
<testsuite hostname="DESKTOP-0TCJ1G6" failures="0" tests="2" name="tests.O97_UserRegistrationWithDDTAndPropertiesFile" time="6.642" errors="0" timestamp="2023-06-16T13:50:41 EET" skipped="0">
  <testcase classname="tests.O97_UserRegistrationWithDDTAndPropertiesFile" name="UserCanRegisterSuccssfully" time="4.717"/>
  <system-out/>
  <testcase classname="tests.O97_UserRegistrationWithDDTAndPropertiesFile" name="RegisteredUserCanLogin" time="1.925"/>
  <system-out/>
</testsuite> <!-- tests.O97_UserRegistrationWithDDTAndPropertiesFile -->
