<?xml version="1.0" encoding="UTF-8"?>
<!-- Generated by org.testng.reporters.JUnitReportReporter -->
<testsuite hostname="DESKTOP-0TCJ1G6" failures="0" tests="2" name="tests.O8_ChangeCurrencyTest" time="5.933" errors="0" timestamp="2023-06-15T17:59:25 EET" skipped="0">
  <testcase classname="tests.O8_ChangeCurrencyTest" name="UserCanCanChangeCurrency" time="1.533"/>
  <system-out/>
  <testcase classname="tests.O8_ChangeCurrencyTest" name="UserCanSearchWithAutoSuggest" time="4.400"/>
  <system-out/>
</testsuite> <!-- tests.O8_ChangeCurrencyTest -->
