<?xml version="1.0" encoding="UTF-8"?>
<!-- Generated by org.testng.reporters.JUnitReportReporter -->
<testsuite hostname="DESKTOP-0TCJ1G6" failures="0" tests="5" name="tests.O9_AddProductReviewTest" time="9.427" errors="0" timestamp="2023-06-15T18:14:38 EET" skipped="0">
  <testcase classname="tests.O9_AddProductReviewTest" name="UserCanRegisterSuccssfully" time="2.232"/>
  <system-out/>
  <testcase classname="tests.O9_AddProductReviewTest" name="RegisteredUserCanLogin" time="1.310"/>
  <system-out/>
  <testcase classname="tests.O9_AddProductReviewTest" name="UserCanSearchWithAutoSuggest" time="4.022"/>
  <system-out/>
  <testcase classname="tests.O9_AddProductReviewTest" name="RegisteredUserCanReviewProduct" time="1.126"/>
  <system-out/>
  <testcase classname="tests.O9_AddProductReviewTest" name="RegisteredUserCanLogout" time="0.737"/>
  <system-out/>
</testsuite> <!-- tests.O9_AddProductReviewTest -->
