<?xml version="1.0" encoding="UTF-8"?>
<!-- Generated by org.testng.reporters.JUnitReportReporter -->
<testsuite hostname="DESKTOP-0TCJ1G6" failures="0" tests="1" name="tests.O99_UserRegistrationTestWithDDTAndCSV" time="34.325" errors="0" timestamp="2023-06-16T15:26:03 EET" skipped="0">
  <testcase classname="tests.O99_UserRegistrationTestWithDDTAndCSV" name="UserCanRegisterSuccssfully" time="34.325"/>
  <system-out/>
</testsuite> <!-- tests.O99_UserRegistrationTestWithDDTAndCSV -->
